2025-03-10 07:58:54,538 - INFO - 成功加载 19026 个URL
2025-03-10 07:58:56,205 - INFO - 请求成功 | URL: https://t.me/uxuyen | 状态码: 200
2025-03-10 07:58:56,219 - INFO - 剩余URL数量: 19025
2025-03-10 07:59:28,603 - INFO - 请求成功 | URL: https://t.me/tinderru | 状态码: 200
2025-03-10 07:59:28,618 - INFO - 剩余URL数量: 19024
2025-03-10 07:59:58,637 - INFO - 成功加载 19024 个URL
2025-03-10 08:00:00,410 - INFO - 请求成功 | URL: https://t.me/watcherguruchat | 状态码: 200
2025-03-10 08:00:00,423 - INFO - 剩余URL数量: 19023
2025-03-10 08:00:32,110 - INFO - 请求成功 | URL: https://t.me/moviesclubz77 | 状态码: 200
2025-03-10 08:00:32,124 - INFO - 剩余URL数量: 19022
2025-03-10 08:01:04,443 - INFO - 请求成功 | URL: https://t.me/meeticfr | 状态码: 200
2025-03-10 08:01:04,457 - INFO - 剩余URL数量: 19021
2025-03-10 08:01:22,924 - INFO - 成功加载 19021 个URL
2025-03-10 08:01:25,003 - INFO - 请求成功 | URL: https://t.me/inferiumai | 状态码: 200
2025-03-10 08:01:25,018 - INFO - 剩余URL数量: 19020
2025-03-10 08:01:57,405 - INFO - 请求成功 | URL: https://t.me/shaadi_com | 状态码: 200
2025-03-10 08:01:57,419 - INFO - 剩余URL数量: 19019
2025-03-10 08:03:29,930 - INFO - 成功加载 19019 个URL
2025-03-10 08:03:32,893 - INFO - 请求成功 | URL: https://t.me/awht_group | 状态码: 200
2025-03-10 08:03:32,907 - INFO - 剩余URL数量: 19018
2025-03-10 08:04:05,455 - INFO - 请求成功 | URL: https://t.me/perfectmatedating | 状态码: 200
2025-03-10 08:04:05,481 - INFO - 剩余URL数量: 19017
2025-03-10 08:04:38,506 - INFO - 请求成功 | URL: https://t.me/lovoocom | 状态码: 200
2025-03-10 08:04:38,520 - INFO - 剩余URL数量: 19016
2025-03-10 08:05:12,020 - INFO - 请求成功 | URL: https://t.me/english_speaking_chatting | 状态码: 200
2025-03-10 08:05:12,046 - INFO - 剩余URL数量: 19015
2025-03-10 08:05:45,137 - INFO - 请求成功 | URL: https://t.me/plentyoff | 状态码: 200
2025-03-10 08:05:45,152 - INFO - 剩余URL数量: 19014
2025-03-10 08:06:16,469 - INFO - 请求成功 | URL: https://t.me/cum_tributer_worlda | 状态码: 200
2025-03-10 08:06:16,483 - INFO - 剩余URL数量: 19013
2025-03-10 08:06:48,579 - INFO - 请求成功 | URL: https://t.me/chatik_656 | 状态码: 200
2025-03-10 08:06:48,594 - INFO - 剩余URL数量: 19012
2025-03-10 08:07:23,710 - INFO - 请求成功 | URL: https://t.me/grup_cari | 状态码: 200
2025-03-10 08:07:23,724 - INFO - 剩余URL数量: 19011
2025-03-10 08:07:57,250 - INFO - 请求成功 | URL: https://t.me/sulawesi_selatan_sulsel | 状态码: 200
2025-03-10 08:07:57,263 - INFO - 剩余URL数量: 19010
2025-03-10 08:08:30,681 - INFO - 请求成功 | URL: https://t.me/friends_international_chattings | 状态码: 200
2025-03-10 08:08:30,694 - INFO - 剩余URL数量: 19009
2025-03-10 08:09:04,422 - INFO - 请求成功 | URL: https://t.me/best_chat_group | 状态码: 200
2025-03-10 08:09:04,438 - INFO - 剩余URL数量: 19008
2025-03-10 08:09:36,507 - INFO - 请求成功 | URL: https://t.me/friends_chatting_group_xyz | 状态码: 200
2025-03-10 08:09:36,523 - INFO - 剩余URL数量: 19007
2025-03-10 08:10:08,135 - INFO - 请求成功 | URL: https://t.me/mullistaan | 状态码: 200
2025-03-10 08:10:08,150 - INFO - 剩余URL数量: 19006
2025-03-10 08:10:43,053 - INFO - 请求成功 | URL: https://t.me/englishs_chatting_clubs | 状态码: 200
2025-03-10 08:10:43,067 - INFO - 剩余URL数量: 19005
2025-03-10 08:11:15,462 - INFO - 请求成功 | URL: https://t.me/weroamxyz | 状态码: 200
2025-03-10 08:11:15,475 - INFO - 剩余URL数量: 19004
2025-03-10 08:11:48,929 - INFO - 请求成功 | URL: https://t.me/international_english_russian | 状态码: 200
2025-03-10 08:11:48,943 - INFO - 剩余URL数量: 19003
2025-03-10 08:12:21,389 - INFO - 请求成功 | URL: https://t.me/ukraina_eskort | 状态码: 200
2025-03-10 08:12:21,403 - INFO - 剩余URL数量: 19002
2025-03-10 08:12:56,419 - INFO - 请求成功 | URL: https://t.me/english_world_chatting | 状态码: 200
2025-03-10 08:12:56,433 - INFO - 剩余URL数量: 19001
2025-03-10 08:13:27,729 - INFO - 请求成功 | URL: https://t.me/m_worker_open | 状态码: 200
2025-03-10 08:13:27,742 - INFO - 剩余URL数量: 19000
2025-03-10 08:14:00,312 - INFO - 请求成功 | URL: https://t.me/tinderlat | 状态码: 200
2025-03-10 08:14:00,320 - INFO - 剩余URL数量: 18999
2025-03-10 08:14:33,730 - INFO - 请求成功 | URL: https://t.me/english_chatting_club_global | 状态码: 200
2025-03-10 08:14:33,744 - INFO - 剩余URL数量: 18998
2025-03-10 08:15:07,055 - INFO - 请求成功 | URL: https://t.me/koreans_chatting_group | 状态码: 200
2025-03-10 08:15:07,071 - INFO - 剩余URL数量: 18997
2025-03-10 08:15:40,608 - INFO - 请求成功 | URL: https://t.me/international_english_chattings | 状态码: 200
2025-03-10 08:15:40,622 - INFO - 剩余URL数量: 18996
2025-03-10 08:16:14,227 - INFO - 请求成功 | URL: https://t.me/blockdagnetworkofficial | 状态码: 200
2025-03-10 08:16:14,243 - INFO - 剩余URL数量: 18995
2025-03-10 08:16:45,765 - INFO - 请求成功 | URL: https://t.me/wstreetmemesgroup | 状态码: 200
2025-03-10 08:16:45,787 - INFO - 剩余URL数量: 18994
2025-03-10 08:17:16,095 - INFO - 请求成功 | URL: https://t.me/tamil_telegram_group | 状态码: 500
2025-03-10 08:17:16,124 - INFO - 剩余URL数量: 18993
2025-03-10 08:17:47,181 - INFO - 请求成功 | URL: https://t.me/bot_request | 状态码: 200
2025-03-10 08:17:47,196 - INFO - 剩余URL数量: 18992
2025-03-10 08:18:19,660 - INFO - 请求成功 | URL: https://t.me/arayiscilartr | 状态码: 200
2025-03-10 08:18:19,674 - INFO - 剩余URL数量: 18991
2025-03-10 08:18:52,083 - INFO - 请求成功 | URL: https://t.me/athenenetwork_official | 状态码: 200
2025-03-10 08:18:52,099 - INFO - 剩余URL数量: 18990
2025-03-10 08:19:24,149 - INFO - 请求成功 | URL: https://t.me/zooskco | 状态码: 200
2025-03-10 08:19:24,179 - INFO - 剩余URL数量: 18989
2025-03-10 08:19:56,830 - INFO - 请求成功 | URL: https://t.me/randomchatsenglish | 状态码: 200
2025-03-10 08:19:56,846 - INFO - 剩余URL数量: 18988
2025-03-10 08:20:28,644 - INFO - 请求成功 | URL: https://t.me/lovescout | 状态码: 200
2025-03-10 08:20:28,660 - INFO - 剩余URL数量: 18987
2025-03-10 08:21:00,498 - INFO - 请求成功 | URL: https://t.me/rtintl_chat | 状态码: 200
2025-03-10 08:21:00,514 - INFO - 剩余URL数量: 18986
2025-03-10 08:21:34,559 - INFO - 请求成功 | URL: https://t.me/mlbbarab1 | 状态码: 200
2025-03-10 08:21:34,574 - INFO - 剩余URL数量: 18985
2025-03-10 08:22:06,609 - INFO - 请求成功 | URL: https://t.me/idegen_ai | 状态码: 200
2025-03-10 08:22:06,623 - INFO - 剩余URL数量: 18984
2025-03-10 08:22:40,072 - INFO - 请求成功 | URL: https://t.me/otakuzdream | 状态码: 200
2025-03-10 08:22:40,086 - INFO - 剩余URL数量: 18983
2025-03-10 08:23:12,491 - INFO - 请求成功 | URL: https://t.me/english_groups_chatting | 状态码: 200
2025-03-10 08:23:12,504 - INFO - 剩余URL数量: 18982
2025-03-10 08:24:17,475 - INFO - 请求成功 | URL: https://t.me/mutualandistrict7 | 状态码: 200
2025-03-10 08:24:17,490 - INFO - 剩余URL数量: 18980
2025-03-10 08:24:50,042 - INFO - 请求成功 | URL: https://t.me/cuckoldsistanbul | 状态码: 200
2025-03-10 08:24:50,057 - INFO - 剩余URL数量: 18979
2025-03-10 08:25:30,167 - ERROR - 请求失败 | URL: https://t.me/balige8 | 错误: HTTPConnectionPool(host='192.168.1.222', port=7890): Read timed out. (read timeout=10)
2025-03-10 08:37:37,087 - INFO - 成功加载 18979 个URL
2025-03-10 08:37:47,150 - ERROR - 请求失败 | URL: https://t.me/balige8 | 错误: HTTPConnectionPool(host='192.168.1.222', port=7890): Read timed out. (read timeout=10)
2025-03-11 01:10:53,137 - INFO - 成功加载 18979 个URL
2025-03-11 01:11:03,200 - ERROR - 请求失败 | URL: https://t.me/balige8 | 错误: HTTPConnectionPool(host='192.168.1.222', port=7890): Read timed out. (read timeout=10)
2025-03-11 01:16:21,935 - INFO - 成功加载 18979 个URL
2025-03-11 01:16:32,001 - ERROR - 请求失败 | URL: https://t.me/balige8 | 错误: HTTPConnectionPool(host='192.168.1.222', port=7890): Read timed out. (read timeout=10)
2025-03-11 01:17:12,092 - ERROR - 请求失败 | URL: https://t.me/balige8 | 错误: HTTPConnectionPool(host='192.168.1.222', port=7890): Read timed out. (read timeout=10)
2025-03-11 01:19:17,694 - INFO - 成功加载 18979 个URL
2025-03-11 01:19:27,762 - ERROR - 请求失败 | URL: https://t.me/balige8 | 错误: HTTPConnectionPool(host='192.168.1.222', port=7890): Read timed out. (read timeout=10)
2025-03-11 01:20:17,074 - INFO - 成功加载 18979 个URL
2025-03-11 01:20:27,152 - ERROR - 请求失败 | URL: https://t.me/balige8 | 错误: HTTPConnectionPool(host='192.168.1.222', port=7890): Read timed out. (read timeout=10)
2025-03-11 01:29:45,819 - INFO - 成功加载 18979 个URL
2025-03-11 01:29:55,896 - ERROR - 请求失败 | URL: https://t.me/balige8 | 错误: HTTPConnectionPool(host='192.168.1.222', port=7890): Read timed out. (read timeout=10)
2025-03-11 01:30:38,858 - INFO - 成功加载 18979 个URL
2025-03-11 01:30:48,922 - ERROR - 请求失败 | URL: https://t.me/balige8 | 错误: HTTPConnectionPool(host='192.168.1.222', port=7890): Read timed out. (read timeout=10)
